#
# There is insufficient memory for the Java Runtime Environment to continue.
# Native memory allocation (mmap) failed to map 536870912 bytes for G1 virtual space
# Possible reasons:
#   The system is out of physical RAM or swap space
#   The process is running with CompressedOops enabled, and the Java Heap may be blocking the growth of the native heap
# Possible solutions:
#   Reduce memory load on the system
#   Increase physical memory or swap space
#   Check if swap backing store is full
#   Decrease Java heap size (-Xmx/-Xms)
#   Decrease number of Java threads
#   Decrease Java thread stack sizes (-Xss)
#   Set larger code cache with -XX:ReservedCodeCacheSize=
#   JVM is running with Zero Based Compressed Oops mode in which the Java heap is
#     placed in the first 32GB address space. The Java Heap base address is the
#     maximum limit for the native heap growth. Please use -XX:HeapBaseMinAddress
#     to set the Java Heap base and to place the Java Heap above 32GB virtual address.
# This output file may be truncated or incomplete.
#
#  Out of Memory Error (os_windows.cpp:3541), pid=35820, tid=39536
#
# JRE version:  (17.0.4.1+1) (build )
# Java VM: OpenJDK 64-Bit Server VM (17.0.4.1+1, mixed mode, sharing, tiered, compressed oops, compressed class ptrs, g1 gc, windows-amd64)
# No core dump will be written. Minidumps are not enabled by default on client versions of Windows
#

---------------  S U M M A R Y ------------

Command Line: -Dfile.encoding=UTF-8 -XX:+ShowCodeDetailsInExceptionMessages Project3

Host: Intel(R) Core(TM) i7-10750H CPU @ 2.60GHz, 12 cores, 31G,  Windows 11 , 64 bit Build 22621 (10.0.22621.755)
Time: Wed Nov 23 18:23:50 2022 US Eastern Standard Time elapsed time: 0.020697 seconds (0d 0h 0m 0s)

---------------  T H R E A D  ---------------

Current thread (0x0000015709aef6d0):  JavaThread "Unknown thread" [_thread_in_vm, id=39536, stack(0x00000027bf900000,0x00000027bfa00000)]

Stack: [0x00000027bf900000,0x00000027bfa00000]
Native frames: (J=compiled Java code, j=interpreted, Vv=VM code, C=native code)
V  [jvm.dll+0x67731a]
V  [jvm.dll+0x832284]
V  [jvm.dll+0x833a2e]
V  [jvm.dll+0x834093]
V  [jvm.dll+0x245775]
V  [jvm.dll+0x674209]
V  [jvm.dll+0x668a92]
V  [jvm.dll+0x30471b]
V  [jvm.dll+0x30bc66]
V  [jvm.dll+0x35ba9e]
V  [jvm.dll+0x35bccf]
V  [jvm.dll+0x2db5b8]
V  [jvm.dll+0x2dc524]
V  [jvm.dll+0x803db1]
V  [jvm.dll+0x3698f1]
V  [jvm.dll+0x7e31bc]
V  [jvm.dll+0x3ec25f]
V  [jvm.dll+0x3edde1]
C  [jli.dll+0x5277]
C  [ucrtbase.dll+0x29363]
C  [KERNEL32.DLL+0x1244d]
C  [ntdll.dll+0x5dfb8]


---------------  P R O C E S S  ---------------

Threads class SMR info:
_java_thread_list=0x00007ffbd9f24e98, length=0, elements={
}

Java Threads: ( => current thread )

Other Threads:
  0x0000015709b9d800 GCTaskThread "GC Thread#0" [stack: 0x00000027bfa00000,0x00000027bfb00000] [id=62676]
  0x0000015709bae640 ConcurrentGCThread "G1 Main Marker" [stack: 0x00000027bfb00000,0x00000027bfc00000] [id=11240]
  0x0000015709baf950 ConcurrentGCThread "G1 Conc#0" [stack: 0x00000027bfc00000,0x00000027bfd00000] [id=56668]

[error occurred during error reporting (printing all threads), id 0xc0000005, EXCEPTION_ACCESS_VIOLATION (0xc0000005) at pc=0x00007ffbd96fc047]

VM state: not at safepoint (not fully initialized)

VM Mutex/Monitor currently owned by a thread:  ([mutex/lock_event])
[0x0000015709ae9a00] Heap_lock - owner thread: 0x0000015709aef6d0

Heap address: 0x0000000602000000, size: 8160 MB, Compressed Oops mode: Zero based, Oop shift amount: 3

CDS archive(s) mapped at: [0x0000000000000000-0x0000000000000000-0x0000000000000000), size 0, SharedBaseAddress: 0x0000000800000000, ArchiveRelocationMode: 0.
Narrow klass base: 0x0000000000000000, Narrow klass shift: 0, Narrow klass range: 0x0

GC Precious Log:
<Empty>

Heap:
 garbage-first heap   total 0K, used 0K [0x0000000602000000, 0x0000000800000000)
  region size 4096K, 0 young (0K), 0 survivors (0K)

[error occurred during error reporting (printing heap information), id 0xc0000005, EXCEPTION_ACCESS_VIOLATION (0xc0000005) at pc=0x00007ffbd9ae0699]

GC Heap History (0 events):
No events

Deoptimization events (0 events):
No events

Classes unloaded (0 events):
No events

Classes redefined (0 events):
No events

Internal exceptions (0 events):
No events

VM Operations (0 events):
No events

Events (1 events):
Event: 0.007 Loaded shared library C:\Users\oladi\.p2\pool\plugins\org.eclipse.justj.openjdk.hotspot.jre.full.win32.x86_64_17.0.4.v20221004-1257\jre\bin\java.dll


Dynamic libraries:
0x00007ff627e30000 - 0x00007ff627e3e000 	C:\Users\oladi\.p2\pool\plugins\org.eclipse.justj.openjdk.hotspot.jre.full.win32.x86_64_17.0.4.v20221004-1257\jre\bin\javaw.exe
0x00007ffcbeaf0000 - 0x00007ffcbed04000 	C:\WINDOWS\SYSTEM32\ntdll.dll
0x00007ffcbdb60000 - 0x00007ffcbdc22000 	C:\WINDOWS\System32\KERNEL32.DLL
0x00007ffcbbf20000 - 0x00007ffcbc2bd000 	C:\WINDOWS\System32\KERNELBASE.dll
0x00007ffcbc460000 - 0x00007ffcbc571000 	C:\WINDOWS\System32\ucrtbase.dll
0x00007ffc4b840000 - 0x00007ffc4b858000 	C:\Users\oladi\.p2\pool\plugins\org.eclipse.justj.openjdk.hotspot.jre.full.win32.x86_64_17.0.4.v20221004-1257\jre\bin\jli.dll
0x00007ffc4b820000 - 0x00007ffc4b839000 	C:\Users\oladi\.p2\pool\plugins\org.eclipse.justj.openjdk.hotspot.jre.full.win32.x86_64_17.0.4.v20221004-1257\jre\bin\VCRUNTIME140.dll
0x00007ffcbd850000 - 0x00007ffcbd9fa000 	C:\WINDOWS\System32\USER32.dll
0x00007ffcbc820000 - 0x00007ffcbc846000 	C:\WINDOWS\System32\win32u.dll
0x00007ffc9d980000 - 0x00007ffc9dc0e000 	C:\WINDOWS\WinSxS\amd64_microsoft.windows.common-controls_6595b64144ccf1df_6.0.22621.608_none_a9444ca7c10bb01d\COMCTL32.dll
0x00007ffcbd7b0000 - 0x00007ffcbd7d9000 	C:\WINDOWS\System32\GDI32.dll
0x00007ffcbe990000 - 0x00007ffcbea37000 	C:\WINDOWS\System32\msvcrt.dll
0x00007ffcbc340000 - 0x00007ffcbc452000 	C:\WINDOWS\System32\gdi32full.dll
0x00007ffcbc850000 - 0x00007ffcbc8ea000 	C:\WINDOWS\System32\msvcp_win.dll
0x00007ffcbda00000 - 0x00007ffcbda32000 	C:\WINDOWS\System32\IMM32.DLL
0x00007ffc9c550000 - 0x00007ffc9c55c000 	C:\Users\oladi\.p2\pool\plugins\org.eclipse.justj.openjdk.hotspot.jre.full.win32.x86_64_17.0.4.v20221004-1257\jre\bin\vcruntime140_1.dll
0x00007ffbe3c00000 - 0x00007ffbe3c91000 	C:\Users\oladi\.p2\pool\plugins\org.eclipse.justj.openjdk.hotspot.jre.full.win32.x86_64_17.0.4.v20221004-1257\jre\bin\msvcp140.dll
0x00007ffbd9410000 - 0x00007ffbda056000 	C:\Users\oladi\.p2\pool\plugins\org.eclipse.justj.openjdk.hotspot.jre.full.win32.x86_64_17.0.4.v20221004-1257\jre\bin\server\jvm.dll
0x00007ffcbdc40000 - 0x00007ffcbdcee000 	C:\WINDOWS\System32\ADVAPI32.dll
0x00007ffcbe250000 - 0x00007ffcbe2f4000 	C:\WINDOWS\System32\sechost.dll
0x00007ffcbd520000 - 0x00007ffcbd635000 	C:\WINDOWS\System32\RPCRT4.dll
0x00007ffcbe3a0000 - 0x00007ffcbe3a8000 	C:\WINDOWS\System32\PSAPI.DLL
0x00007ffc9c540000 - 0x00007ffc9c549000 	C:\WINDOWS\SYSTEM32\WSOCK32.dll
0x00007ffcb60b0000 - 0x00007ffcb60ba000 	C:\WINDOWS\SYSTEM32\VERSION.dll
0x00007ffcb6ac0000 - 0x00007ffcb6af4000 	C:\WINDOWS\SYSTEM32\WINMM.dll
0x00007ffcbd730000 - 0x00007ffcbd7a1000 	C:\WINDOWS\System32\WS2_32.dll
0x00007ffcbaff0000 - 0x00007ffcbb008000 	C:\WINDOWS\SYSTEM32\kernel.appcore.dll
0x00007ffc5cc70000 - 0x00007ffc5cc7a000 	C:\Users\oladi\.p2\pool\plugins\org.eclipse.justj.openjdk.hotspot.jre.full.win32.x86_64_17.0.4.v20221004-1257\jre\bin\jimage.dll
0x00007ffcb9510000 - 0x00007ffcb973e000 	C:\WINDOWS\SYSTEM32\DBGHELP.DLL
0x00007ffcbd0d0000 - 0x00007ffcbd45a000 	C:\WINDOWS\System32\combase.dll
0x00007ffcbe170000 - 0x00007ffcbe247000 	C:\WINDOWS\System32\OLEAUT32.dll
0x00007ffcb5420000 - 0x00007ffcb5452000 	C:\WINDOWS\SYSTEM32\dbgcore.DLL
0x00007ffcbc2c0000 - 0x00007ffcbc33b000 	C:\WINDOWS\System32\bcryptPrimitives.dll
0x00007ffc4b7b0000 - 0x00007ffc4b7d5000 	C:\Users\oladi\.p2\pool\plugins\org.eclipse.justj.openjdk.hotspot.jre.full.win32.x86_64_17.0.4.v20221004-1257\jre\bin\java.dll

dbghelp: loaded successfully - version: 4.0.5 - missing functions: none
symbol engine: initialized successfully - sym options: 0x614 - pdb path: .;C:\Users\oladi\.p2\pool\plugins\org.eclipse.justj.openjdk.hotspot.jre.full.win32.x86_64_17.0.4.v20221004-1257\jre\bin;C:\WINDOWS\SYSTEM32;C:\WINDOWS\WinSxS\amd64_microsoft.windows.common-controls_6595b64144ccf1df_6.0.22621.608_none_a9444ca7c10bb01d;C:\Users\oladi\.p2\pool\plugins\org.eclipse.justj.openjdk.hotspot.jre.full.win32.x86_64_17.0.4.v20221004-1257\jre\bin\server

VM Arguments:
jvm_args: -Dfile.encoding=UTF-8 -XX:+ShowCodeDetailsInExceptionMessages 
java_command: Project3
java_class_path (initial): C:\Users\oladi\eclipse-workspace\Project3_Java\bin;C:\Users\oladi\.p2\pool\plugins\org.eclipse.osgi_3.18.100.v20220817-1601.jar;C:\Users\oladi\.p2\pool\plugins\org.eclipse.core.commands_3.10.200.v20220512-0851.jar;C:\Users\oladi\.p2\pool\plugins\org.eclipse.equinox.common_3.16.200.v20220817-1601.jar;C:\Users\oladi\.p2\pool\plugins\org.eclipse.equinox.registry_3.11.200.v20220817-1601.jar;C:\Users\oladi\.p2\pool\plugins\org.eclipse.core.runtime_3.26.0.v20220813-0916.jar;C:\Users\oladi\.p2\pool\plugins\org.eclipse.text_3.12.200.v20220817-1340.jar;C:\Users\oladi\.p2\pool\plugins\org.eclipse.swt.win32.win32.x86_64_3.121.0.v20220829-1402.jar;C:\Users\oladi\.p2\pool\plugins\org.eclipse.jface_3.27.0.v20220817-1444.jar;C:\Users\oladi\.p2\pool\plugins\org.eclipse.jface.text_3.21.0.v20220817-1340.jar;C:\Users\oladi\.p2\pool\plugins\org.eclipse.ui.workbench_3.126.0.v20220823-0718.jar;C:\Users\oladi\.p2\pool\plugins\com.ibm.icu_67.1.0.jar;C:\Users\oladi\.p2\pool\plugins\org.eclipse.ui.forms_3.11.400.v20220817-1444.jar
Launcher Type: SUN_STANDARD

[Global flags]
     intx CICompilerCount                          = 4                                         {product} {ergonomic}
     uint ConcGCThreads                            = 3                                         {product} {ergonomic}
     uint G1ConcRefinementThreads                  = 10                                        {product} {ergonomic}
   size_t G1HeapRegionSize                         = 4194304                                   {product} {ergonomic}
    uintx GCDrainStackTargetSize                   = 64                                        {product} {ergonomic}
   size_t InitialHeapSize                          = 536870912                                 {product} {ergonomic}
   size_t MarkStackSize                            = 4194304                                   {product} {ergonomic}
   size_t MaxHeapSize                              = 8556380160                                {product} {ergonomic}
   size_t MinHeapDeltaBytes                        = 4194304                                   {product} {ergonomic}
   size_t MinHeapSize                              = 8388608                                   {product} {ergonomic}
    uintx NonNMethodCodeHeapSize                   = 5839372                                {pd product} {ergonomic}
    uintx NonProfiledCodeHeapSize                  = 122909434                              {pd product} {ergonomic}
    uintx ProfiledCodeHeapSize                     = 122909434                              {pd product} {ergonomic}
    uintx ReservedCodeCacheSize                    = 251658240                              {pd product} {ergonomic}
     bool SegmentedCodeCache                       = true                                      {product} {ergonomic}
     bool ShowCodeDetailsInExceptionMessages       = true                                   {manageable} {command line}
   size_t SoftMaxHeapSize                          = 8556380160                             {manageable} {ergonomic}
     bool UseCompressedClassPointers               = true                           {product lp64_product} {ergonomic}
     bool UseCompressedOops                        = true                           {product lp64_product} {ergonomic}
     bool UseG1GC                                  = true                                      {product} {ergonomic}
     bool UseLargePagesIndividualAllocation        = false                                  {pd product} {ergonomic}

Logging:
Log output configuration:
 #0: stdout all=warning uptime,level,tags
 #1: stderr all=off uptime,level,tags

Environment Variables:
PATH=C:/Users/oladi/.p2/pool/plugins/org.eclipse.justj.openjdk.hotspot.jre.full.win32.x86_64_17.0.4.v20221004-1257/jre/bin/server;C:/Users/oladi/.p2/pool/plugins/org.eclipse.justj.openjdk.hotspot.jre.full.win32.x86_64_17.0.4.v20221004-1257/jre/bin;C:\Program Files (x86)\Razer Chroma SDK\bin;C:\Program Files\Razer Chroma SDK\bin;C:\Program Files (x86)\Razer\ChromaBroadcast\bin;C:\Program Files\Razer\ChromaBroadcast\bin;C:\Program Files\Common Files\Oracle\Java\javapath;C:\Program Files\Oculus\Support\oculus-runtime;C:\Program Files\Microsoft\jdk-11.0.12.7-hotspot\bin;C:\Program Files (x86)\Common Files\Oracle\Java\javapath;C:\Windows\system32;C:\Windows;C:\Windows\System32\Wbem;C:\Windows\System32\WindowsPowerShell\v1.0\;C:\Windows\System32\OpenSSH\;C:\Program Files (x86)\NVIDIA Corporation\PhysX\Common;C:\Program Files\NVIDIA Corporation\NVIDIA NvDLISR;C:\WINDOWS\system32;C:\WINDOWS;C:\WINDOWS\System32\Wbem;C:\WINDOWS\System32\WindowsPowerShell\v1.0\;C:\WINDOWS\System32\OpenSSH\;C:\Program Files\dotnet\;C:\Program Files\Git\cmd;C:\Program Files\PowerShell\7\;C:\Users\oladi\AppData\Roaming\nvm;C:\Program Files\nodejs;C:\WINDOWS\system32\config\systemprofile\AppData\Local\Microsoft\WindowsApps;C:\Users\oladi\AppData\Local\Microsoft\WindowsApps;C:\Users\oladi\AppData\Local\Programs\Microsoft VS Code\bin;C:\Users\oladi\AppData\Roaming\npm;C:\Users\oladi\AppData\Local\Microsoft\WindowsApps;C:\Users\oladi\AppData\Local\Programs\Microsoft VS Code\bin;C:\Users\oladi\AppData\Roaming\npm;C:\Users\oladi\AppData\Roaming\nvm;C:\Program Files\nodejs;C:\WINDOWS\System32;
USERNAME=oladi
OS=Windows_NT
PROCESSOR_IDENTIFIER=Intel64 Family 6 Model 165 Stepping 2, GenuineIntel
TMP=C:\Users\oladi\AppData\Local\Temp
TEMP=C:\Users\oladi\AppData\Local\Temp



---------------  S Y S T E M  ---------------

OS:
 Windows 11 , 64 bit Build 22621 (10.0.22621.755)
OS uptime: 11 days 19:36 hours
Hyper-V role detected

CPU: total 12 (initial active 12) (6 cores per cpu, 2 threads per core) family 6 model 165 stepping 2 microcode 0xe0, cx8, cmov, fxsr, ht, mmx, 3dnowpref, sse, sse2, sse3, ssse3, sse4.1, sse4.2, popcnt, lzcnt, tsc, tscinvbit, avx, avx2, aes, erms, clmul, bmi1, bmi2, adx, fma, vzeroupper, clflush, clflushopt, hv

Memory: 4k page, system-wide physical 32629M (13423M free)
TotalPageFile size 83550M (AvailPageFile size 252M)
current process WorkingSet (physical memory assigned to process): 11M, peak: 11M
current process commit charge ("private bytes"): 64M, peak: 576M

vm_info: OpenJDK 64-Bit Server VM (17.0.4.1+1) for windows-amd64 JRE (17.0.4.1+1), built on Aug 17 2022 07:42:43 by "temurin" with MS VC++ 16.7 (VS2019)

END.
